2026-04-05 16:58:57 [main] INFO  c.t.controller.AuthControllerTest - Starting AuthControllerTest using Java 17.0.18 with PID 9940 (started by whhaj in C:\Users\whhaj\IdeaProjects\Tiwizi-SolidarityCrowdfundingPlatform\backend)
2026-04-05 16:58:57 [main] DEBUG c.t.controller.AuthControllerTest - Running with Spring Boot v3.4.5, Spring v6.2.6
2026-04-05 16:58:57 [main] INFO  c.t.controller.AuthControllerTest - No active profile set, falling back to 1 default profile: "default"
2026-04-05 16:58:57 [main] DEBUG o.s.w.c.s.GenericWebApplicationContext - Refreshing org.springframework.web.context.support.GenericWebApplicationContext@2ae3235e
2026-04-05 16:59:26 [main] INFO  o.s.s.c.a.a.c.InitializeUserDetailsBeanManagerConfigurer$InitializeUserDetailsManagerConfigurer - Global AuthenticationManager configured with UserDetailsService bean with name com.tiwizi.auth.service.CustomUserDetailsService#0
2026-04-05 16:59:27 [main] DEBUG o.s.w.s.m.m.a.RequestMappingHandlerMapping - 8 mappings in 'requestMappingHandlerMapping'
2026-04-05 16:59:28 [main] DEBUG o.s.w.s.h.SimpleUrlHandlerMapping - Patterns [/webjars/**, /**] in 'resourceHandlerMapping'
2026-04-05 16:59:29 [main] DEBUG o.s.w.s.m.m.a.RequestMappingHandlerAdapter - ControllerAdvice beans: 0 @ModelAttribute, 0 @InitBinder, 1 RequestBodyAdvice, 1 ResponseBodyAdvice
2026-04-05 16:59:29 [main] DEBUG o.s.w.s.m.m.a.ExceptionHandlerExceptionResolver - ControllerAdvice beans: 1 @ExceptionHandler, 1 ResponseBodyAdvice
2026-04-05 16:59:30 [main] DEBUG c.t.a.filter.JwtAuthenticationFilter - Filter 'jwtAuthenticationFilter' configured for use
2026-04-05 16:59:30 [main] INFO  o.s.b.t.m.w.SpringBootMockServletContext - Initializing Spring TestDispatcherServlet ''
2026-04-05 16:59:30 [main] INFO  o.s.t.w.s.TestDispatcherServlet - Initializing Servlet ''
2026-04-05 16:59:30 [main] INFO  o.s.t.w.s.TestDispatcherServlet - Completed initialization in 6 ms
2026-04-05 16:59:31 [main] INFO  c.t.controller.AuthControllerTest - Started AuthControllerTest in 39.953 seconds (process running for 47.149)
2026-04-05 16:59:32 [main] DEBUG o.s.w.s.m.m.a.RequestMappingHandlerMapping - Mapped to com.tiwizi.auth.controller.AuthController#register(RegisterRequest)
2026-04-05 16:59:32 [main] DEBUG o.s.w.s.m.m.a.RequestResponseBodyMethodProcessor - Read "application/json;charset=UTF-8" to [RegisterRequest(firstName=A, lastName=B, email=existing@tiwizi.com, password=password123)]
2026-04-05 16:59:33 [main] WARN  c.t.auth.controller.AuthController - Registration failed - email already exists: existing@tiwizi.com
2026-04-05 16:59:33 [main] DEBUG o.s.w.s.m.m.a.HttpEntityMethodProcessor - Using 'application/json', given [*/*] and supported [application/json, application/*+json]
2026-04-05 16:59:33 [main] DEBUG o.s.w.s.m.m.a.HttpEntityMethodProcessor - Writing [MessageResponse(message=Email already in use)]
2026-04-05 16:59:33 [main] DEBUG o.s.w.s.m.m.a.RequestMappingHandlerMapping - Mapped to com.tiwizi.auth.controller.AuthController#login(LoginRequest)
2026-04-05 16:59:33 [main] DEBUG o.s.w.s.m.m.a.RequestResponseBodyMethodProcessor - Read "application/json;charset=UTF-8" to [LoginRequest(email=user@tiwizi.com, password=password123)]
2026-04-05 16:59:33 [main] INFO  c.t.auth.controller.AuthController - User logged in: user@tiwizi.com
2026-04-05 16:59:33 [main] DEBUG o.s.w.s.m.m.a.HttpEntityMethodProcessor - Using 'application/json', given [*/*] and supported [application/json, application/*+json]
2026-04-05 16:59:33 [main] DEBUG o.s.w.s.m.m.a.HttpEntityMethodProcessor - Writing [AuthTokenResponse(accessToken=test.access.token, refreshToken=test.refresh.token)]
2026-04-05 16:59:33 [main] DEBUG o.s.w.s.m.m.a.RequestMappingHandlerMapping - Mapped to com.tiwizi.auth.controller.AuthController#login(LoginRequest)
2026-04-05 16:59:33 [main] DEBUG o.s.w.s.m.m.a.RequestResponseBodyMethodProcessor - Read "application/json;charset=UTF-8" to [LoginRequest(email=user@tiwizi.com, password=wrongpass)]
2026-04-05 16:59:33 [main] WARN  c.t.auth.controller.AuthController - Login failed for email: user@tiwizi.com
2026-04-05 16:59:33 [main] DEBUG o.s.w.s.m.m.a.HttpEntityMethodProcessor - Using 'application/json', given [*/*] and supported [application/json, application/*+json]
2026-04-05 16:59:33 [main] DEBUG o.s.w.s.m.m.a.HttpEntityMethodProcessor - Writing [MessageResponse(message=Invalid email or password)]
2026-04-05 16:59:33 [main] DEBUG o.s.w.s.m.m.a.RequestMappingHandlerMapping - Mapped to com.tiwizi.auth.controller.AuthController#login(LoginRequest)
2026-04-05 16:59:33 [main] DEBUG o.s.w.s.m.m.a.RequestResponseBodyMethodProcessor - Read "application/json;charset=UTF-8" to [LoginRequest(email=unknown@tiwizi.com, password=password123)]
2026-04-05 16:59:33 [main] WARN  c.t.auth.controller.AuthController - Login failed for email: unknown@tiwizi.com
2026-04-05 16:59:33 [main] DEBUG o.s.w.s.m.m.a.HttpEntityMethodProcessor - Using 'application/json', given [*/*] and supported [application/json, application/*+json]
2026-04-05 16:59:33 [main] DEBUG o.s.w.s.m.m.a.HttpEntityMethodProcessor - Writing [MessageResponse(message=Invalid email or password)]
2026-04-05 16:59:33 [main] DEBUG o.s.w.s.m.m.a.RequestMappingHandlerMapping - Mapped to com.tiwizi.auth.controller.AuthController#register(RegisterRequest)
2026-04-05 16:59:33 [main] DEBUG o.s.w.s.m.m.a.RequestResponseBodyMethodProcessor - Read "application/json;charset=UTF-8" to [RegisterRequest(firstName=Youssef, lastName=Hajji, email=new@tiwizi.com, password=password123)]
2026-04-05 16:59:33 [main] INFO  c.t.auth.controller.AuthController - New user registered: user@tiwizi.com
2026-04-05 16:59:33 [main] DEBUG o.s.w.s.m.m.a.HttpEntityMethodProcessor - Using 'application/json', given [*/*] and supported [application/json, application/*+json]
2026-04-05 16:59:33 [main] DEBUG o.s.w.s.m.m.a.HttpEntityMethodProcessor - Writing [AuthTokenResponse(accessToken=test.access.token, refreshToken=test.refresh.token)]
2026-04-05 16:59:34 [main] DEBUG o.s.w.s.m.m.a.RequestMappingHandlerMapping - Mapped to com.tiwizi.auth.controller.AuthController#login(LoginRequest)
2026-04-05 16:59:34 [main] DEBUG o.s.w.s.m.m.a.RequestResponseBodyMethodProcessor - Read "application/json;charset=UTF-8" to [LoginRequest(email=banned@tiwizi.com, password=password123)]
2026-04-05 16:59:34 [main] WARN  c.t.auth.controller.AuthController - Banned user attempted login: user@tiwizi.com
2026-04-05 16:59:34 [main] DEBUG o.s.w.s.m.m.a.HttpEntityMethodProcessor - Using 'application/json', given [*/*] and supported [application/json, application/*+json]
2026-04-05 16:59:34 [main] DEBUG o.s.w.s.m.m.a.HttpEntityMethodProcessor - Writing [MessageResponse(message=Your account has been banned. Reason: Spam)]
2026-04-05 16:59:34 [main] DEBUG o.s.w.s.m.m.a.RequestMappingHandlerMapping - Mapped to com.tiwizi.auth.controller.AuthController#register(RegisterRequest)
2026-04-05 16:59:34 [main] DEBUG o.s.w.s.m.m.a.RequestResponseBodyMethodProcessor - Read "application/json;charset=UTF-8" to [RegisterRequest(firstName=null, lastName=null, email=null, password=null)]
2026-04-05 16:59:34 [main] DEBUG o.s.w.s.m.m.a.ExceptionHandlerExceptionResolver - Using @ExceptionHandler com.tiwizi.exception.GlobalExceptionHandler#handleValidationExceptions(MethodArgumentNotValidException)
2026-04-05 16:59:34 [main] ERROR c.t.exception.GlobalExceptionHandler - Validation errors: {firstName=First name is required, lastName=Last name is required, password=Password is required, email=Email is required}
2026-04-05 16:59:34 [main] DEBUG o.s.w.s.m.m.a.HttpEntityMethodProcessor - Using 'application/json', given [*/*] and supported [application/json, application/*+json]
2026-04-05 16:59:34 [main] DEBUG o.s.w.s.m.m.a.HttpEntityMethodProcessor - Writing [ErrorResponse(timestamp=2026-04-05T16:59:34.270867800, status=400, error=Validation Error, message=I (truncated)...]
2026-04-05 16:59:34 [main] DEBUG o.s.w.s.m.m.a.ExceptionHandlerExceptionResolver - Resolved [org.springframework.web.bind.MethodArgumentNotValidException: Validation failed for argument [0] in public org.springframework.http.ResponseEntity<?> com.tiwizi.auth.controller.AuthController.register(com.tiwizi.auth.dto.RegisterRequest) with 4 errors: [Field error in object 'registerRequest' on field 'password': rejected value [null]; codes [NotBlank.registerRequest.password,NotBlank.password,NotBlank.java.lang.String,NotBlank]; arguments [org.springframework.context.support.DefaultMessageSourceResolvable: codes [registerRequest.password,password]; arguments []; default message [password]]; default message [Password is required]] [Field error in object 'registerRequest' on field 'firstName': rejected value [null]; codes [NotBlank.registerRequest.firstName,NotBlank.firstName,NotBlank.java.lang.String,NotBlank]; arguments [org.springframework.context.support.DefaultMessageSourceResolvable: codes [registerRequest.firstName,firstName]; arguments []; default message [firstName]]; default message [First name is required]] [Field error in object 'registerRequest' on field 'email': rejected value [null]; codes [NotBlank.registerRequest.email,NotBlank.email,NotBlank.java.lang.String,NotBlank]; arguments [org.springframework.context.support.DefaultMessageSourceResolvable: codes [registerRequest.email,email]; arguments []; default message [email]]; default message [Email is required]] [Field error in object 'registerRequest' on field 'lastName': rejected value [null]; codes [NotBlank.registerRequest.lastName,NotBlank.lastName,NotBlank.java.lang.String,NotBlank]; arguments [org.springframework.context.support.DefaultMessageSourceResolvable: codes [registerRequest.lastName,lastName]; arguments []; default message [lastName]]; default message [Last name is required]] ]
2026-04-05 16:59:34 [main] INFO  o.s.t.c.s.AnnotationConfigContextLoaderUtils - Could not detect default configuration classes for test class [com.tiwizi.controller.CampaignControllerTest]: CampaignControllerTest does not declare any static, non-private, non-final, nested classes annotated with @Configuration.
2026-04-05 16:59:34 [main] INFO  o.s.b.t.c.SpringBootTestContextBootstrapper - Found @SpringBootConfiguration com.tiwizi.TiwiziApplication for test class com.tiwizi.controller.CampaignControllerTest
2026-04-05 16:59:34 [main] INFO  o.s.b.d.r.RestartApplicationListener - Restart disabled due to context in which it is running
2026-04-05 16:59:34 [main] INFO  c.t.c.CampaignControllerTest - Starting CampaignControllerTest using Java 17.0.18 with PID 9940 (started by whhaj in C:\Users\whhaj\IdeaProjects\Tiwizi-SolidarityCrowdfundingPlatform\backend)
2026-04-05 16:59:34 [main] DEBUG c.t.c.CampaignControllerTest - Running with Spring Boot v3.4.5, Spring v6.2.6
2026-04-05 16:59:34 [main] INFO  c.t.c.CampaignControllerTest - No active profile set, falling back to 1 default profile: "default"
2026-04-05 16:59:34 [main] DEBUG o.s.w.c.s.GenericWebApplicationContext - Refreshing org.springframework.web.context.support.GenericWebApplicationContext@52521fc7
2026-04-05 16:59:37 [main] INFO  o.s.s.c.a.a.c.InitializeUserDetailsBeanManagerConfigurer$InitializeUserDetailsManagerConfigurer - Global AuthenticationManager configured with UserDetailsService bean with name com.tiwizi.auth.service.CustomUserDetailsService#0
2026-04-05 16:59:37 [main] DEBUG o.s.w.s.m.m.a.RequestMappingHandlerMapping - 7 mappings in 'requestMappingHandlerMapping'
2026-04-05 16:59:38 [main] DEBUG o.s.w.s.h.SimpleUrlHandlerMapping - Patterns [/webjars/**, /**] in 'resourceHandlerMapping'
2026-04-05 16:59:38 [main] DEBUG o.s.w.s.m.m.a.RequestMappingHandlerAdapter - ControllerAdvice beans: 0 @ModelAttribute, 0 @InitBinder, 1 RequestBodyAdvice, 1 ResponseBodyAdvice
2026-04-05 16:59:38 [main] DEBUG o.s.w.s.m.m.a.ExceptionHandlerExceptionResolver - ControllerAdvice beans: 1 @ExceptionHandler, 1 ResponseBodyAdvice
2026-04-05 16:59:38 [main] DEBUG c.t.a.filter.JwtAuthenticationFilter - Filter 'jwtAuthenticationFilter' configured for use
2026-04-05 16:59:38 [main] INFO  o.s.b.t.m.w.SpringBootMockServletContext - Initializing Spring TestDispatcherServlet ''
2026-04-05 16:59:38 [main] INFO  o.s.t.w.s.TestDispatcherServlet - Initializing Servlet ''
2026-04-05 16:59:38 [main] INFO  o.s.t.w.s.TestDispatcherServlet - Completed initialization in 0 ms
2026-04-05 16:59:38 [main] INFO  c.t.c.CampaignControllerTest - Started CampaignControllerTest in 3.999 seconds (process running for 54.647)
2026-04-05 16:59:38 [main] DEBUG o.s.w.s.m.m.a.RequestMappingHandlerMapping - Mapped to com.tiwizi.campaign.controller.CampaignController#getAllCampaigns()
2026-04-05 16:59:38 [main] INFO  c.t.c.controller.CampaignController - GET /api/campaigns - Fetching all campaigns
2026-04-05 16:59:38 [main] DEBUG o.s.w.s.m.m.a.HttpEntityMethodProcessor - Using 'application/json', given [*/*] and supported [application/json, application/*+json]
2026-04-05 16:59:38 [main] DEBUG o.s.w.s.m.m.a.HttpEntityMethodProcessor - Writing [[CampaignResponse(id=c1, title=First Campaign, description=null, goalAmount=5000.00, amountCollected (truncated)...]
2026-04-05 16:59:39 [main] DEBUG o.s.w.s.m.m.a.RequestMappingHandlerMapping - Mapped to com.tiwizi.campaign.controller.CampaignController#getAllCampaigns()
2026-04-05 16:59:39 [main] INFO  c.t.c.controller.CampaignController - GET /api/campaigns - Fetching all campaigns
2026-04-05 16:59:39 [main] DEBUG o.s.w.s.m.m.a.HttpEntityMethodProcessor - Using 'application/json', given [*/*] and supported [application/json, application/*+json]
2026-04-05 16:59:39 [main] DEBUG o.s.w.s.m.m.a.HttpEntityMethodProcessor - Writing [[]]
2026-04-05 16:59:39 [main] DEBUG o.s.w.s.m.m.a.RequestMappingHandlerMapping - Mapped to com.tiwizi.campaign.controller.CampaignController#searchCampaigns(String, CampaignCategory, CampaignStatus, String, Boolean, Boolean, Boolean, Integer, Integer)
2026-04-05 16:59:39 [main] INFO  c.t.c.controller.CampaignController - GET /api/campaigns/search - keyword:education category:null status:null location:null isUrgent:null deadlineSoon:null nearlyFunded:null
2026-04-05 16:59:39 [main] DEBUG o.s.w.s.m.m.a.HttpEntityMethodProcessor - Using 'application/json', given [*/*] and supported [application/json, application/*+json]
2026-04-05 16:59:39 [main] DEBUG o.s.w.s.m.m.a.HttpEntityMethodProcessor - Writing [Page 1 of 1 containing com.tiwizi.campaign.dto.CampaignResponse instances]
2026-04-05 16:59:39 [main] DEBUG o.s.w.s.m.m.a.RequestMappingHandlerMapping - Mapped to com.tiwizi.campaign.controller.CampaignController#getCampaignById(String)
2026-04-05 16:59:39 [main] INFO  c.t.c.controller.CampaignController - GET /api/campaigns/missing - Fetching campaign details
2026-04-05 16:59:39 [main] DEBUG o.s.w.s.m.m.a.ExceptionHandlerExceptionResolver - Using @ExceptionHandler com.tiwizi.exception.GlobalExceptionHandler#handleResourceNotFoundException(ResourceNotFoundException)
2026-04-05 16:59:39 [main] ERROR c.t.exception.GlobalExceptionHandler - Resource not found: Campaign not found with id: missing
2026-04-05 16:59:39 [main] DEBUG o.s.w.s.m.m.a.HttpEntityMethodProcessor - Using 'application/json', given [*/*] and supported [application/json, application/*+json]
2026-04-05 16:59:39 [main] DEBUG o.s.w.s.m.m.a.HttpEntityMethodProcessor - Writing [ErrorResponse(timestamp=2026-04-05T16:59:39.424422400, status=404, error=Not Found, message=Campaign (truncated)...]
2026-04-05 16:59:39 [main] DEBUG o.s.w.s.m.m.a.ExceptionHandlerExceptionResolver - Resolved [com.tiwizi.exception.ResourceNotFoundException: Campaign not found with id: missing]
2026-04-05 16:59:39 [main] DEBUG o.s.w.s.m.m.a.RequestMappingHandlerMapping - Mapped to com.tiwizi.campaign.controller.CampaignController#getCampaignById(String)
2026-04-05 16:59:39 [main] INFO  c.t.c.controller.CampaignController - GET /api/campaigns/camp-1 - Fetching campaign details
2026-04-05 16:59:39 [main] DEBUG o.s.w.s.m.m.a.HttpEntityMethodProcessor - Using 'application/json', given [*/*] and supported [application/json, application/*+json]
2026-04-05 16:59:39 [main] DEBUG o.s.w.s.m.m.a.HttpEntityMethodProcessor - Writing [CampaignDetailResponse(id=camp-1, title=Test Campaign, description=null, goalAmount=null, amountColl (truncated)...]
2026-04-05 16:59:40 [main] INFO  c.t.campaign.service.CampaignService - Fetching campaign with id: camp-1
2026-04-05 16:59:41 [main] INFO  c.t.campaign.service.CampaignService - Fetching campaign with id: missing
2026-04-05 16:59:41 [main] INFO  c.t.campaign.service.CampaignService - Fetching campaign with id: susp-1
2026-04-05 16:59:41 [main] INFO  c.t.campaign.service.CampaignService - Fetching all campaigns from database
2026-04-05 16:59:41 [main] INFO  c.t.campaign.service.CampaignService - Found 0 campaigns
2026-04-05 16:59:41 [main] INFO  c.t.campaign.service.CampaignService - Fetching updates for campaign: camp-1
2026-04-05 16:59:41 [main] INFO  c.t.campaign.service.CampaignService - Found 0 updates for campaign camp-1
2026-04-05 16:59:41 [main] INFO  c.t.campaign.service.CampaignService - Fetching updates for campaign: ghost
2026-04-05 16:59:41 [main] INFO  c.t.campaign.service.CampaignService - Fetching all campaigns from database
2026-04-05 16:59:41 [main] INFO  c.t.campaign.service.CampaignService - Found 1 campaigns
2026-04-05 16:59:42 [SpringApplicationShutdownHook] DEBUG o.s.w.c.s.GenericWebApplicationContext - Closing org.springframework.web.context.support.GenericWebApplicationContext@2ae3235e, started on Sun Apr 05 16:58:57 WEST 2026
2026-04-05 16:59:42 [SpringApplicationShutdownHook] DEBUG o.s.w.c.s.GenericWebApplicationContext - Closing org.springframework.web.context.support.GenericWebApplicationContext@52521fc7, started on Sun Apr 05 16:59:34 WEST 2026
