2025-12-21 17:05:40 [restartedMain] INFO  com.tiwizi.TiwiziApplication - Starting TiwiziApplication using Java 17.0.17 with PID 12120 (C:\Users\whhaj\IdeaProjects\Tiwizi\backend\target\classes started by whhaj in C:\Users\whhaj\IdeaProjects\Tiwizi)
2025-12-21 17:05:41 [restartedMain] DEBUG com.tiwizi.TiwiziApplication - Running with Spring Boot v4.0.0, Spring v7.0.1
2025-12-21 17:05:41 [restartedMain] INFO  com.tiwizi.TiwiziApplication - The following 1 profile is active: "dev"
2025-12-21 17:05:41 [restartedMain] INFO  o.s.b.d.e.DevToolsPropertyDefaultsPostProcessor - Devtools property defaults active! Set 'spring.devtools.add-properties' to 'false' to disable
2025-12-21 17:05:42 [restartedMain] INFO  o.s.d.r.c.RepositoryConfigurationDelegate - Bootstrapping Spring Data JPA repositories in DEFAULT mode.
2025-12-21 17:05:42 [restartedMain] INFO  o.s.d.r.c.RepositoryConfigurationDelegate - Finished Spring Data repository scanning in 21 ms. Found 0 JPA repository interfaces.
2025-12-21 17:05:42 [restartedMain] INFO  com.zaxxer.hikari.HikariDataSource - HikariPool-1 - Starting...
2025-12-21 17:05:43 [restartedMain] INFO  com.zaxxer.hikari.pool.HikariPool - HikariPool-1 - Added connection org.postgresql.jdbc.PgConnection@5a4d4303
2025-12-21 17:05:43 [restartedMain] INFO  com.zaxxer.hikari.HikariDataSource - HikariPool-1 - Start completed.
2025-12-21 17:05:43 [restartedMain] INFO  liquibase.database - Set default schema name to public
2025-12-21 17:05:44 [restartedMain] INFO  liquibase.changelog - Reading from public.databasechangelog
2025-12-21 17:05:44 [restartedMain] INFO  liquibase.ui - Database is up to date, no changesets to execute
2025-12-21 17:05:44 [restartedMain] INFO  liquibase.changelog - Reading from public.databasechangelog
2025-12-21 17:05:44 [restartedMain] INFO  liquibase.util - UPDATE SUMMARY
2025-12-21 17:05:44 [restartedMain] INFO  liquibase.util - Run:                          0
2025-12-21 17:05:44 [restartedMain] INFO  liquibase.util - Previously run:               1
2025-12-21 17:05:44 [restartedMain] INFO  liquibase.util - Filtered out:                 0
2025-12-21 17:05:44 [restartedMain] INFO  liquibase.util - -------------------------------
2025-12-21 17:05:44 [restartedMain] INFO  liquibase.util - Total change sets:            1
2025-12-21 17:05:44 [restartedMain] INFO  liquibase.util - Update summary generated
2025-12-21 17:05:44 [restartedMain] INFO  liquibase.command - Command execution complete
2025-12-21 17:06:09 [restartedMain] INFO  o.h.jpa.internal.util.LogHelper - HHH000204: Processing PersistenceUnitInfo [name: default]
2025-12-21 17:06:09 [restartedMain] INFO  org.hibernate.Version - HHH000412: Hibernate ORM core version 7.1.8.Final
2025-12-21 17:06:10 [restartedMain] INFO  o.s.o.j.p.SpringPersistenceUnitInfo - No LoadTimeWeaver setup: ignoring JPA class transformer
2025-12-21 17:06:10 [restartedMain] WARN  org.hibernate.orm.deprecation - HHH90000025: PostgreSQLDialect does not need to be specified explicitly using 'hibernate.dialect' (remove the property setting and it will be selected by default)
2025-12-21 17:06:10 [restartedMain] INFO  o.hibernate.orm.connections.pooling - HHH10001005: Database info:
	Database JDBC URL [jdbc:postgresql://localhost:5432/Tiwizi]
	Database driver: PostgreSQL JDBC Driver
	Database dialect: PostgreSQLDialect
	Database version: 18.1
	Default catalog/schema: Tiwizi/public
	Autocommit mode: undefined/unknown
	Isolation level: READ_COMMITTED [default READ_COMMITTED]
	JDBC fetch size: none
	Pool: DatasourceConnectionProviderImpl
	Minimum pool size: undefined/unknown
	Maximum pool size: undefined/unknown
2025-12-21 17:06:11 [restartedMain] INFO  o.h.e.t.j.p.i.JtaPlatformInitiator - HHH000489: No JTA platform available (set 'hibernate.transaction.jta.platform' to enable JTA platform integration)
2025-12-21 17:06:11 [restartedMain] INFO  o.s.o.j.LocalContainerEntityManagerFactoryBean - Initialized JPA EntityManagerFactory for persistence unit 'default'
2025-12-21 17:06:12 [restartedMain] INFO  com.tiwizi.TiwiziApplication - Started TiwiziApplication in 32.431 seconds (process running for 33.801)
2025-12-21 17:06:12 [SpringApplicationShutdownHook] INFO  o.s.o.j.LocalContainerEntityManagerFactoryBean - Closing JPA EntityManagerFactory for persistence unit 'default'
2025-12-21 17:06:12 [SpringApplicationShutdownHook] INFO  com.zaxxer.hikari.HikariDataSource - HikariPool-1 - Shutdown initiated...
2025-12-21 17:06:12 [SpringApplicationShutdownHook] INFO  com.zaxxer.hikari.HikariDataSource - HikariPool-1 - Shutdown completed.
2025-12-21 17:06:16 [restartedMain] INFO  com.tiwizi.TiwiziApplication - Starting TiwiziApplication using Java 17.0.17 with PID 8444 (C:\Users\whhaj\IdeaProjects\Tiwizi\backend\target\classes started by whhaj in C:\Users\whhaj\IdeaProjects\Tiwizi)
2025-12-21 17:06:16 [restartedMain] DEBUG com.tiwizi.TiwiziApplication - Running with Spring Boot v4.0.0, Spring v7.0.1
2025-12-21 17:06:16 [restartedMain] INFO  com.tiwizi.TiwiziApplication - The following 1 profile is active: "dev"
2025-12-21 17:06:16 [restartedMain] INFO  o.s.b.d.e.DevToolsPropertyDefaultsPostProcessor - Devtools property defaults active! Set 'spring.devtools.add-properties' to 'false' to disable
2025-12-21 17:06:17 [restartedMain] INFO  o.s.d.r.c.RepositoryConfigurationDelegate - Bootstrapping Spring Data JPA repositories in DEFAULT mode.
2025-12-21 17:06:17 [restartedMain] INFO  o.s.d.r.c.RepositoryConfigurationDelegate - Finished Spring Data repository scanning in 15 ms. Found 0 JPA repository interfaces.
2025-12-21 17:06:17 [restartedMain] INFO  com.zaxxer.hikari.HikariDataSource - HikariPool-1 - Starting...
2025-12-21 17:06:17 [restartedMain] INFO  com.zaxxer.hikari.pool.HikariPool - HikariPool-1 - Added connection org.postgresql.jdbc.PgConnection@187e554c
2025-12-21 17:06:17 [restartedMain] INFO  com.zaxxer.hikari.HikariDataSource - HikariPool-1 - Start completed.
2025-12-21 17:06:18 [restartedMain] INFO  liquibase.database - Set default schema name to public
2025-12-21 17:06:18 [restartedMain] INFO  liquibase.changelog - Reading from public.databasechangelog
2025-12-21 17:06:18 [restartedMain] INFO  liquibase.ui - Database is up to date, no changesets to execute
2025-12-21 17:06:18 [restartedMain] INFO  liquibase.changelog - Reading from public.databasechangelog
2025-12-21 17:06:18 [restartedMain] INFO  liquibase.util - UPDATE SUMMARY
2025-12-21 17:06:18 [restartedMain] INFO  liquibase.util - Run:                          0
2025-12-21 17:06:18 [restartedMain] INFO  liquibase.util - Previously run:               1
2025-12-21 17:06:18 [restartedMain] INFO  liquibase.util - Filtered out:                 0
2025-12-21 17:06:18 [restartedMain] INFO  liquibase.util - -------------------------------
2025-12-21 17:06:18 [restartedMain] INFO  liquibase.util - Total change sets:            1
2025-12-21 17:06:18 [restartedMain] INFO  liquibase.util - Update summary generated
2025-12-21 17:06:18 [restartedMain] INFO  liquibase.command - Command execution complete
2025-12-21 17:06:22 [restartedMain] INFO  o.h.jpa.internal.util.LogHelper - HHH000204: Processing PersistenceUnitInfo [name: default]
2025-12-21 17:06:22 [restartedMain] INFO  org.hibernate.Version - HHH000412: Hibernate ORM core version 7.1.8.Final
2025-12-21 17:06:23 [restartedMain] INFO  o.s.o.j.p.SpringPersistenceUnitInfo - No LoadTimeWeaver setup: ignoring JPA class transformer
2025-12-21 17:06:23 [restartedMain] WARN  org.hibernate.orm.deprecation - HHH90000025: PostgreSQLDialect does not need to be specified explicitly using 'hibernate.dialect' (remove the property setting and it will be selected by default)
2025-12-21 17:06:23 [restartedMain] INFO  o.hibernate.orm.connections.pooling - HHH10001005: Database info:
	Database JDBC URL [jdbc:postgresql://localhost:5432/Tiwizi]
	Database driver: PostgreSQL JDBC Driver
	Database dialect: PostgreSQLDialect
	Database version: 18.1
	Default catalog/schema: Tiwizi/public
	Autocommit mode: undefined/unknown
	Isolation level: READ_COMMITTED [default READ_COMMITTED]
	JDBC fetch size: none
	Pool: DatasourceConnectionProviderImpl
	Minimum pool size: undefined/unknown
	Maximum pool size: undefined/unknown
2025-12-21 17:06:24 [restartedMain] INFO  o.h.e.t.j.p.i.JtaPlatformInitiator - HHH000489: No JTA platform available (set 'hibernate.transaction.jta.platform' to enable JTA platform integration)
2025-12-21 17:06:24 [restartedMain] INFO  o.s.o.j.LocalContainerEntityManagerFactoryBean - Initialized JPA EntityManagerFactory for persistence unit 'default'
2025-12-21 17:06:25 [restartedMain] INFO  com.tiwizi.TiwiziApplication - Started TiwiziApplication in 10.311 seconds (process running for 12.119)
2025-12-21 17:06:25 [SpringApplicationShutdownHook] INFO  o.s.o.j.LocalContainerEntityManagerFactoryBean - Closing JPA EntityManagerFactory for persistence unit 'default'
2025-12-21 17:06:25 [SpringApplicationShutdownHook] INFO  com.zaxxer.hikari.HikariDataSource - HikariPool-1 - Shutdown initiated...
2025-12-21 17:06:25 [SpringApplicationShutdownHook] INFO  com.zaxxer.hikari.HikariDataSource - HikariPool-1 - Shutdown completed.
2025-12-21 17:07:18 [restartedMain] INFO  com.tiwizi.TiwiziApplication - Starting TiwiziApplication using Java 17.0.17 with PID 16800 (C:\Users\whhaj\IdeaProjects\Tiwizi\backend\target\classes started by whhaj in C:\Users\whhaj\IdeaProjects\Tiwizi)
2025-12-21 17:07:18 [restartedMain] DEBUG com.tiwizi.TiwiziApplication - Running with Spring Boot v4.0.0, Spring v7.0.1
2025-12-21 17:07:18 [restartedMain] INFO  com.tiwizi.TiwiziApplication - The following 1 profile is active: "dev"
2025-12-21 17:07:18 [restartedMain] INFO  o.s.b.d.e.DevToolsPropertyDefaultsPostProcessor - Devtools property defaults active! Set 'spring.devtools.add-properties' to 'false' to disable
2025-12-21 17:07:18 [restartedMain] INFO  o.s.b.d.e.DevToolsPropertyDefaultsPostProcessor - For additional web related logging consider setting the 'logging.level.web' property to 'DEBUG'
2025-12-21 17:07:20 [restartedMain] INFO  o.s.d.r.c.RepositoryConfigurationDelegate - Bootstrapping Spring Data JPA repositories in DEFAULT mode.
2025-12-21 17:07:20 [restartedMain] INFO  o.s.d.r.c.RepositoryConfigurationDelegate - Finished Spring Data repository scanning in 28 ms. Found 0 JPA repository interfaces.
2025-12-21 17:07:21 [restartedMain] INFO  o.s.boot.tomcat.TomcatWebServer - Tomcat initialized with port 8080 (http)
2025-12-21 17:07:21 [restartedMain] INFO  o.a.catalina.core.StandardService - Starting service [Tomcat]
2025-12-21 17:07:21 [restartedMain] INFO  o.a.catalina.core.StandardEngine - Starting Servlet engine: [Apache Tomcat/11.0.14]
2025-12-21 17:07:21 [restartedMain] INFO  o.s.b.w.c.s.WebApplicationContextInitializer - Root WebApplicationContext: initialization completed in 3129 ms
2025-12-21 17:07:21 [restartedMain] DEBUG o.s.w.f.ServerHttpObservationFilter - Filter 'webMvcObservationFilter' configured for use
2025-12-21 17:07:21 [restartedMain] INFO  com.zaxxer.hikari.HikariDataSource - HikariPool-1 - Starting...
2025-12-21 17:07:22 [restartedMain] INFO  com.zaxxer.hikari.pool.HikariPool - HikariPool-1 - Added connection org.postgresql.jdbc.PgConnection@1f47a604
2025-12-21 17:07:22 [restartedMain] INFO  com.zaxxer.hikari.HikariDataSource - HikariPool-1 - Start completed.
2025-12-21 17:07:22 [restartedMain] INFO  liquibase.database - Set default schema name to public
2025-12-21 17:07:23 [restartedMain] INFO  liquibase.changelog - Reading from public.databasechangelog
2025-12-21 17:07:23 [restartedMain] INFO  liquibase.ui - Database is up to date, no changesets to execute
2025-12-21 17:07:23 [restartedMain] INFO  liquibase.changelog - Reading from public.databasechangelog
2025-12-21 17:07:23 [restartedMain] INFO  liquibase.util - UPDATE SUMMARY
2025-12-21 17:07:23 [restartedMain] INFO  liquibase.util - Run:                          0
2025-12-21 17:07:23 [restartedMain] INFO  liquibase.util - Previously run:               1
2025-12-21 17:07:23 [restartedMain] INFO  liquibase.util - Filtered out:                 0
2025-12-21 17:07:23 [restartedMain] INFO  liquibase.util - -------------------------------
2025-12-21 17:07:23 [restartedMain] INFO  liquibase.util - Total change sets:            1
2025-12-21 17:07:23 [restartedMain] INFO  liquibase.util - Update summary generated
2025-12-21 17:07:23 [restartedMain] INFO  liquibase.command - Command execution complete
2025-12-21 17:07:24 [restartedMain] INFO  o.h.jpa.internal.util.LogHelper - HHH000204: Processing PersistenceUnitInfo [name: default]
2025-12-21 17:07:24 [restartedMain] INFO  org.hibernate.Version - HHH000412: Hibernate ORM core version 7.1.8.Final
2025-12-21 17:07:25 [restartedMain] INFO  o.s.o.j.p.SpringPersistenceUnitInfo - No LoadTimeWeaver setup: ignoring JPA class transformer
2025-12-21 17:07:25 [restartedMain] WARN  org.hibernate.orm.deprecation - HHH90000025: PostgreSQLDialect does not need to be specified explicitly using 'hibernate.dialect' (remove the property setting and it will be selected by default)
2025-12-21 17:07:25 [restartedMain] INFO  o.hibernate.orm.connections.pooling - HHH10001005: Database info:
	Database JDBC URL [jdbc:postgresql://localhost:5432/Tiwizi]
	Database driver: PostgreSQL JDBC Driver
	Database dialect: PostgreSQLDialect
	Database version: 18.1
	Default catalog/schema: Tiwizi/public
	Autocommit mode: undefined/unknown
	Isolation level: READ_COMMITTED [default READ_COMMITTED]
	JDBC fetch size: none
	Pool: DatasourceConnectionProviderImpl
	Minimum pool size: undefined/unknown
	Maximum pool size: undefined/unknown
2025-12-21 17:07:26 [restartedMain] INFO  o.h.e.t.j.p.i.JtaPlatformInitiator - HHH000489: No JTA platform available (set 'hibernate.transaction.jta.platform' to enable JTA platform integration)
2025-12-21 17:07:26 [restartedMain] INFO  o.s.o.j.LocalContainerEntityManagerFactoryBean - Initialized JPA EntityManagerFactory for persistence unit 'default'
2025-12-21 17:07:26 [restartedMain] WARN  o.s.b.j.a.JpaBaseConfiguration$JpaWebConfiguration - spring.jpa.open-in-view is enabled by default. Therefore, database queries may be performed during view rendering. Explicitly configure spring.jpa.open-in-view to disable this warning
2025-12-21 17:07:26 [restartedMain] DEBUG o.s.w.s.m.m.a.RequestMappingHandlerMapping - 2 mappings in 'requestMappingHandlerMapping'
2025-12-21 17:07:26 [restartedMain] DEBUG o.s.w.s.h.SimpleUrlHandlerMapping - Patterns [/webjars/**, /**] in 'resourceHandlerMapping'
2025-12-21 17:07:26 [restartedMain] DEBUG o.s.w.s.m.m.a.RequestMappingHandlerAdapter - ControllerAdvice beans: 0 @ModelAttribute, 0 @InitBinder, 1 RequestBodyAdvice, 1 ResponseBodyAdvice
2025-12-21 17:07:26 [restartedMain] DEBUG o.s.w.s.m.m.a.ExceptionHandlerExceptionResolver - ControllerAdvice beans: 0 @ExceptionHandler, 1 ResponseBodyAdvice
2025-12-21 17:07:27 [restartedMain] WARN  o.s.b.s.a.UserDetailsServiceAutoConfiguration - 

Using generated security password: 8cd34f3a-75ef-432d-b4e9-d064a10965cd

This generated password is for development use only. Your security configuration must be updated before running your application in production.

2025-12-21 17:07:27 [restartedMain] INFO  o.s.s.c.a.a.c.InitializeUserDetailsBeanManagerConfigurer$InitializeUserDetailsManagerConfigurer - Global AuthenticationManager configured with UserDetailsService bean with name inMemoryUserDetailsManager
2025-12-21 17:07:28 [restartedMain] INFO  o.s.b.a.e.web.EndpointLinksResolver - Exposing 1 endpoint beneath base path '/actuator'
2025-12-21 17:07:28 [restartedMain] WARN  o.s.b.w.s.s.c.AnnotationConfigServletWebServerApplicationContext - Exception encountered during context initialization - cancelling refresh attempt: org.springframework.context.ApplicationContextException: Failed to start bean 'webServerStartStop'
2025-12-21 17:07:28 [restartedMain] INFO  o.s.o.j.LocalContainerEntityManagerFactoryBean - Closing JPA EntityManagerFactory for persistence unit 'default'
2025-12-21 17:07:28 [restartedMain] INFO  com.zaxxer.hikari.HikariDataSource - HikariPool-1 - Shutdown initiated...
2025-12-21 17:07:28 [restartedMain] INFO  com.zaxxer.hikari.HikariDataSource - HikariPool-1 - Shutdown completed.
2025-12-21 17:07:28 [restartedMain] INFO  o.s.b.a.l.ConditionEvaluationReportLogger - 

Error starting ApplicationContext. To display the condition evaluation report re-run your application with 'debug' enabled.
2025-12-21 17:07:28 [restartedMain] ERROR o.s.b.d.LoggingFailureAnalysisReporter - 

***************************
APPLICATION FAILED TO START
***************************

Description:

Web server failed to start. Port 8080 was already in use.

Action:

Identify and stop the process that's listening on port 8080 or configure this application to listen on another port.

